{
  "RSpec": {
    "coverage": {
      "/Users/Pete/challenges/breakable-toy-final/app/models/user.rb": [
        1,
        1,
        1,
        null,
        1,
        1,
        null,
        1,
        null,
        null,
        1,
        null,
        null,
        null,
        1,
        0,
        0,
        null,
        0,
        0,
        0,
        0,
        0,
        0,
        0,
        null,
        0,
        0,
        null,
        null,
        null,
        null,
        1,
        0,
        null,
        null,
        null,
        null,
        0,
        null,
        null,
        null,
        null,
        null,
        null,
        1,
        0,
        null,
        null,
        1,
        0,
        0,
        null,
        null,
        1,
        0,
        null,
        null,
        1,
        0,
        null,
        null
      ],
      "/Users/Pete/challenges/breakable-toy-final/app/models/application_record.rb": [
        1,
        1,
        null
      ],
      "/Users/Pete/challenges/breakable-toy-final/app/helpers/application_helper.rb": [
        1,
        null
      ],
      "/Users/Pete/challenges/breakable-toy-final/app/controllers/homepage_controller.rb": [
        1,
        1,
        null,
        null
      ],
      "/Users/Pete/challenges/breakable-toy-final/app/controllers/application_controller.rb": [
        1,
        null,
        null,
        1,
        null,
        null
      ],
      "/Users/Pete/challenges/breakable-toy-final/app/controllers/sessions_controller.rb": [
        1,
        1,
        2,
        null,
        2,
        1,
        1,
        null,
        1,
        null,
        null,
        null
      ],
      "/Users/Pete/challenges/breakable-toy-final/app/controllers/registrations_controller.rb": [
        1,
        null,
        1,
        null,
        1,
        8,
        null,
        null,
        1,
        6,
        null,
        null
      ],
      "/Users/Pete/challenges/breakable-toy-final/app/controllers/users_controller.rb": [
        1,
        1,
        null,
        1,
        0,
        null,
        null,
        1,
        0,
        null,
        null,
        1,
        26,
        null,
        null,
        1,
        0,
        null,
        null,
        1,
        0,
        0,
        0,
        null,
        null,
        1,
        1,
        1,
        1,
        1,
        null,
        0,
        0,
        null,
        null,
        0,
        null,
        null,
        null,
        1,
        null,
        1,
        1,
        null,
        null,
        1,
        1,
        0,
        null,
        1,
        null,
        null,
        null,
        1,
        1,
        1,
        1,
        1,
        1,
        null,
        null
      ],
      "/Users/Pete/challenges/breakable-toy-final/app/models/parking_pass.rb": [
        1,
        1,
        null,
        1,
        1,
        1,
        1,
        1,
        1,
        null,
        1,
        1,
        1,
        null,
        null,
        null,
        1,
        8,
        8,
        8,
        8,
        null,
        null
      ],
      "/Users/Pete/challenges/breakable-toy-final/app/models/booking.rb": [
        1,
        1,
        1,
        null,
        1,
        null,
        1,
        1,
        1,
        1,
        1,
        1,
        null,
        1,
        0,
        null,
        null,
        0,
        null,
        null,
        0,
        null,
        null,
        null,
        null,
        null,
        0,
        null,
        null,
        null,
        1,
        0,
        0,
        null,
        null,
        1,
        0,
        null,
        0,
        0,
        0,
        0,
        0,
        null,
        null,
        null
      ],
      "/Users/Pete/challenges/breakable-toy-final/app/controllers/parking_passes_controller.rb": [
        1,
        null,
        1,
        0,
        0,
        null,
        null,
        1,
        4,
        null,
        null,
        1,
        3,
        3,
        null,
        0,
        0,
        null,
        null,
        null,
        1,
        2,
        2,
        2,
        1,
        1,
        null,
        1,
        1,
        1,
        1,
        1,
        null,
        null,
        null,
        null,
        1,
        3,
        null,
        null,
        1,
        2,
        2,
        2,
        2,
        null,
        2,
        1,
        1,
        null,
        1,
        1,
        1,
        1,
        1,
        null,
        null,
        null,
        1,
        1,
        1,
        1,
        1,
        1,
        1,
        null,
        0,
        0,
        null,
        null,
        null,
        1,
        null,
        1,
        2,
        null,
        null,
        1,
        1,
        null,
        null,
        null
      ],
      "/Users/Pete/challenges/breakable-toy-final/app/controllers/maps_controller.rb": [
        1,
        1,
        1,
        2,
        null,
        null
      ],
      "/Users/Pete/challenges/breakable-toy-final/app/controllers/bookings_controller.rb": [
        1,
        null,
        1,
        null,
        null,
        null,
        1,
        0,
        null,
        null,
        1,
        2,
        2,
        null,
        null,
        1,
        1,
        1,
        1,
        1,
        1,
        null,
        1,
        0,
        0,
        0,
        null,
        1,
        1,
        null,
        null,
        null,
        null,
        null,
        1,
        null,
        null,
        null,
        1,
        null,
        null,
        null,
        1,
        null,
        null,
        null,
        1,
        0,
        0,
        0,
        0,
        0,
        null,
        0,
        0,
        null,
        0,
        null,
        null,
        0,
        null,
        0,
        null,
        0,
        0,
        null,
        0,
        0,
        null,
        null,
        null,
        1,
        null,
        1,
        0,
        0,
        null,
        0,
        null,
        null,
        null,
        1,
        1,
        null,
        null,
        null
      ],
      "/Users/Pete/challenges/breakable-toy-final/app/channels/application_cable/channel.rb": [
        0,
        0,
        0,
        0
      ],
      "/Users/Pete/challenges/breakable-toy-final/app/channels/application_cable/connection.rb": [
        0,
        0,
        0,
        0
      ],
      "/Users/Pete/challenges/breakable-toy-final/app/controllers/callbacks_controller.rb": [
        0,
        0,
        0,
        0,
        0,
        0
      ],
      "/Users/Pete/challenges/breakable-toy-final/app/jobs/application_job.rb": [
        0,
        0
      ],
      "/Users/Pete/challenges/breakable-toy-final/app/mailers/application_mailer.rb": [
        0,
        0,
        0,
        0
      ]
    },
    "timestamp": 1484248799
  }
}
